2025-11-21 12:41:09.597 - DBeaver 25.2.5.202511161745 is starting
2025-11-21 12:41:09.598 - OS: Windows 11 10.0 (amd64)
2025-11-21 12:41:09.599 - Java version: 21.0.8 by Eclipse Adoptium (64bit)
2025-11-21 12:41:09.599 - Install path: 'C:\Users\19166\AppData\Local\DBeaver'
2025-11-21 12:41:09.599 - Instance path: 'file:/C:/Users/19166/AppData/Roaming/DBeaverData/datagrip/sql/'
2025-11-21 12:41:09.600 - Memory available 64Mb/1024Mb
2025-11-21 12:41:09.610 - Create display
2025-11-21 12:41:09.768 - Initialize desktop platform...
2025-11-21 12:41:09.897 - BounceCastle bundle found. Use JCE provider BC
> Start Core File Systems [org.eclipse.core.filesystem 1.11.300.v20250607-0645]
> Start Core Resource Management [org.eclipse.core.resources 3.23.0.v20250729-1759]
Warning: NLS unused message: Team_Conflict_occured_for_ignored_resources_pattern in: org.eclipse.team.internal.core.messages
> Start 小组支持核心 [org.eclipse.team.core 3.10.800.v20250610-0708]
> Start DBeaver UI Navigator [org.jkiss.dbeaver.ui.navigator 1.0.167.202511161745]
2025-11-21 12:41:10.087 - Initialize base platform...
2025-11-21 12:41:10.098 - Platform initialized (330ms)
2025-11-21 12:41:10.271 - Starting instance server at http://localhost:1481
2025-11-21 12:41:10.277 - Run workbench
> Start Eclipse e4 工作台 SWT [org.eclipse.e4.ui.workbench.swt 0.17.900.v20250612-1000]
> Start Eclipse Application Services [org.eclipse.e4.core.services 2.5.200.v20250326-1945]
> Start Eclipse UI Application Services [org.eclipse.e4.ui.services 1.6.500.v20250123-0754]
> Start Eclipse e4 Progress View [org.eclipse.e4.ui.progress 0.4.800.v20250422-1254]
> Start Eclipse Bindings Support [org.eclipse.e4.ui.bindings 0.14.700.v20250612-1000]
> Start Eclipse e4 core commands [org.eclipse.e4.core.commands 1.1.600.v20250307-1331]
> Start EMF XML/XMI Persistence [org.eclipse.emf.ecore.xmi 2.39.0.v20250414-1351]
> Start Eclipse CSS SWT Theme Support [org.eclipse.e4.ui.css.swt.theme 0.14.500.v20250213-1508]
> Start Eclipse e4 工作台加载项 [org.eclipse.e4.ui.workbench.addons.swt 1.5.800.v20250701-0653]
Warning: NLS unused message: WorkbenchPreference_reuseEditorsThreshold in: org.eclipse.ui.internal.messages
Warning: NLS unused message: Workbench_missingPropertyMessage in: org.eclipse.ui.internal.messages
> Start Eclipse e4 工作台 SWT 呈现器 [org.eclipse.e4.ui.workbench.renderers.swt 0.16.900.v20250828-1028]
> Start Eclipse Dependency Injection Extensions [org.eclipse.e4.core.di.extensions 0.18.300.v20240413-1529]
> Start DBeaver AI Model [org.jkiss.dbeaver.model.ai 2.0.10.202511161745]
> Start DBeaver AI UI [org.jkiss.dbeaver.ui.ai 1.0.69.202511161745]
> Start Eclipse CSS SWT Support [org.eclipse.e4.ui.css.swt 0.15.600.v20250409-1135]
Warning: NLS unused message: UriHandlerPreferencePage_Warning_OtherApp in: org.eclipse.ui.internal.ide.messages
2025-11-21 12:41:11.865 - Configure workbench window
> Start DBeaver SQL Model [org.jkiss.dbeaver.model.sql 1.0.157.202511161745]
2025-11-21 12:41:12.055 - Total database drivers: 127 (127)
> Start 帮助系统核心 [org.eclipse.help 3.10.600.v20250613-0437]
2025-11-21 12:41:12.128 - Create actions
2025-11-21 12:41:12.716 - Initialize workbench window
2025-11-21 12:41:12.732 - Finish initialization
> Start 缺省文本编辑器 [org.eclipse.ui.editors 3.20.100.v20250814-1056]
> Start 文本编辑器框架 [org.eclipse.ui.workbench.texteditor 3.19.300.v20250815-0722]
> Start DBeaver UI Editors - Data [org.jkiss.dbeaver.ui.editors.data 1.0.167.202511161745]
> Start DBeaver UI Editors - SQL [org.jkiss.dbeaver.ui.editors.sql 1.0.167.202511161745]
Warning: NLS unused message: FindReplace_RegExCheckbox_label in: org.eclipse.ui.texteditor.EditorMessages
Warning: NLS unused message: FindReplace_Status_wrapped_label in: org.eclipse.ui.texteditor.EditorMessages
Warning: NLS unused message: FindReplace_WrapCheckBox_label in: org.eclipse.ui.texteditor.EditorMessages
Warning: NLS unused message: FindReplace_IncrementalCheckBox_label in: org.eclipse.ui.texteditor.EditorMessages
Warning: NLS unused message: FindReplace_Options in: org.eclipse.ui.texteditor.EditorMessages
Warning: NLS unused message: FindReplace_ReplaceSelectionButton_label in: org.eclipse.ui.texteditor.EditorMessages
Warning: NLS unused message: FindReplace_SelectedRangeRadioButton_label in: org.eclipse.ui.texteditor.EditorMessages
Warning: NLS unused message: FindReplace_Status_noMatchWithValue_label in: org.eclipse.ui.texteditor.EditorMessages
Warning: NLS unused message: FindReplace_SelectAllButton_label in: org.eclipse.ui.texteditor.EditorMessages
Warning: NLS unused message: FindReplace_Status_noMatch_label in: org.eclipse.ui.texteditor.EditorMessages
Warning: NLS unused message: FindReplace_GlobalRadioButton_label in: org.eclipse.ui.texteditor.EditorMessages
Warning: NLS unused message: FindReplace_WholeWordCheckBox_label in: org.eclipse.ui.texteditor.EditorMessages
Warning: NLS unused message: FindReplace_ReplaceFindButton_label in: org.eclipse.ui.texteditor.EditorMessages
Warning: NLS unused message: FindReplace_BackwardRadioButton_label in: org.eclipse.ui.texteditor.EditorMessages
Warning: NLS unused message: FindReplace_CloseButton_label in: org.eclipse.ui.texteditor.EditorMessages
Warning: NLS unused message: FindReplace_Replace_label in: org.eclipse.ui.texteditor.EditorMessages
Warning: NLS unused message: FindReplace_Status_selection_label in: org.eclipse.ui.texteditor.EditorMessages
Warning: NLS unused message: FindReplace_CaseCheckBox_label in: org.eclipse.ui.texteditor.EditorMessages
Warning: NLS unused message: FindReplace_Status_replacement_label in: org.eclipse.ui.texteditor.EditorMessages
Warning: NLS unused message: FindReplace_Status_selections_label in: org.eclipse.ui.texteditor.EditorMessages
Warning: NLS unused message: FindReplace_Status_replacements_label in: org.eclipse.ui.texteditor.EditorMessages
Warning: NLS unused message: FindReplace_title in: org.eclipse.ui.texteditor.EditorMessages
Warning: NLS unused message: FindReplace_Direction in: org.eclipse.ui.texteditor.EditorMessages
Warning: NLS unused message: FindReplace_ReplaceAllButton_label in: org.eclipse.ui.texteditor.EditorMessages
Warning: NLS unused message: FindReplace_Scope in: org.eclipse.ui.texteditor.EditorMessages
Warning: NLS unused message: FindReplace_Find_label in: org.eclipse.ui.texteditor.EditorMessages
Warning: NLS unused message: FindReplace_ForwardRadioButton_label in: org.eclipse.ui.texteditor.EditorMessages
Warning: NLS unused message: FindReplace_FindNextButton_label in: org.eclipse.ui.texteditor.EditorMessages
> Start DBeaver SQL Terminal [org.jkiss.dbeaver.ui.editors.sql.terminal 1.0.143.202511161745]
> Start 核心比较支持 [org.eclipse.compare.core 3.8.800.v20250718-1505]
> Start Equinox Java Authentication and Authorization Service (JAAS) [org.eclipse.equinox.security 1.4.700.v20250622-1644]
> Start 因特网连接管理 UI [org.eclipse.ui.net 1.5.500.v20250611-0855]
> Start Internet Connection Management [org.eclipse.core.net 1.5.800.v20250613-1119]
> Start DBeaver Sample Database [org.jkiss.dbeaver.ui.config.sample 1.0.204.202511161745]
> Start DBeaver Dashboard UI [org.jkiss.dbeaver.ui.dashboard 1.0.164.202511161745]
> Start GEF Classic Draw2d [org.eclipse.draw2d 3.20.100.202508011427]
> Start GEF Classic GEF (MVC) [org.eclipse.gef 3.23.0.202507261623]
> Start DBeaver ERD UI [org.jkiss.dbeaver.ui.editors.erd 3.1.8.202511161745]
> Start DBeaver ERD Model [org.jkiss.dbeaver.model.erd 1.1.8.202511161745]
> Start DBeaver JDBC Model [org.jkiss.dbeaver.model.jdbc 1.0.60.202511161745]
> Start DBeaver Oracle Model [org.jkiss.dbeaver.ext.oracle 2.1.252.202511161745]
> Start 控制台 [org.eclipse.ui.console 3.14.400.v20250607-0653]
> Start 调试核心 [org.eclipse.debug.core 3.23.100.v20250811-0711]
> Start DBeaver Tasks - Native Tools UI [org.jkiss.dbeaver.tasks.native.ui 1.0.145.202511161745]
> Start DBeaver Oracle UI [org.jkiss.dbeaver.ext.oracle.ui 1.0.154.202511161745]
> Start DBeaver Tasks - General UI [org.jkiss.dbeaver.tasks.ui 1.0.145.202511161745]
2025-11-21 12:41:16.413 - Connect with 'dat101' (oracle_thin-19aa454ba31-620ec0e28a1e4673)
2025-11-21 12:41:16.439 - Execution context opened (dat101; Main; 0)
2025-11-21 12:41:17.456 - Execution context opened (dat101; Metadata; 1)
2025-11-21 12:41:17.763 - Execution context opened (dat101; SQLEditor <Script.sql>; 2)
2025-11-21 12:41:17.819 - Connected (oracle_thin-19aa454ba31-620ec0e28a1e4673, Oracle JDBC driver [23.2.0.0.0])
> Start Equinox Provisioning Metadata [org.eclipse.equinox.p2.metadata 2.9.500.v20250726-1041]
> Start DBeaver SQL Language Semantic Model [org.jkiss.dbeaver.model.lsm 1.0.62.202511161745]
2025-11-21 12:41:48.622 - Can't get column 'CREATED': ORA-17006: Invalid column name
2025-11-21 12:41:48.623 - Can't get column 'LAST_DDL_TIME': ORA-17006: Invalid column name
2025-11-21 12:42:18.667 - Delete empty SQL script '\General\Scripts\Script.sql'
2025-11-21 12:42:18.720 - Execution context closed (dat101, 2)
2025-11-21 12:42:32.420 - No active connection
2025-11-21 12:42:52.847 - Execution context opened (dat101; SQLEditor <REQ-5184-交行预录入开发需求.sql>; 3)
2025-11-21 12:43:05.011 - Connect with 'bddj-dat' (oracle_thin-19aa458bf57-55d0e16a1734c73d)
2025-11-21 12:43:05.012 - Execution context opened (bddj-dat; Main; 4)
2025-11-21 12:43:05.206 - Execution context opened (bddj-dat; Metadata; 5)
2025-11-21 12:43:05.491 - Connected (oracle_thin-19aa458bf57-55d0e16a1734c73d, Oracle JDBC driver [23.2.0.0.0])
2025-11-21 12:43:07.313 - Connect with 'pre113' (oracle_thin-19aa457d126-61256c31afd17437)
2025-11-21 12:43:07.314 - Execution context opened (pre113; Main; 6)
2025-11-21 12:43:07.495 - Execution context opened (pre113; Metadata; 7)
2025-11-21 12:43:07.753 - Connected (oracle_thin-19aa457d126-61256c31afd17437, Oracle JDBC driver [23.2.0.0.0])
2025-11-21 12:43:09.063 - Connect with 'req' (oracle_thin-19aa45a1353-af3155df7d82ca5)
2025-11-21 12:43:09.064 - Execution context opened (req; Main; 8)
2025-11-21 12:43:09.229 - Execution context opened (req; Metadata; 9)
2025-11-21 12:43:09.499 - Connected (oracle_thin-19aa45a1353-af3155df7d82ca5, Oracle JDBC driver [23.2.0.0.0])
2025-11-21 12:43:10.612 - Connect with 'uat218' (oracle_thin-19aa45b987a-6338f64821419279)
2025-11-21 12:43:10.613 - Execution context opened (uat218; Main; 10)
2025-11-21 12:43:10.874 - Execution context opened (uat218; Metadata; 11)
2025-11-21 12:43:11.186 - Connected (oracle_thin-19aa45b987a-6338f64821419279, Oracle JDBC driver [23.2.0.0.0])
2025-11-21 12:43:12.118 - Connect with 'uat28' (oracle_thin-19aa45af0a9-1292104c004bb1d2)
2025-11-21 12:43:12.119 - Execution context opened (uat28; Main; 12)
2025-11-21 12:43:12.399 - Execution context opened (uat28; Metadata; 13)
2025-11-21 12:43:12.718 - Connected (oracle_thin-19aa45af0a9-1292104c004bb1d2, Oracle JDBC driver [23.2.0.0.0])
2025-11-21 12:43:13.620 - Connect with 'ybt-dat' (oracle_thin-19aa45c7ac4-f38987c08e20e3b)
2025-11-21 12:43:13.621 - Execution context opened (ybt-dat; Main; 14)
2025-11-21 12:43:13.828 - Execution context opened (ybt-dat; Metadata; 15)
2025-11-21 12:43:14.088 - Connected (oracle_thin-19aa45c7ac4-f38987c08e20e3b, Oracle JDBC driver [23.2.0.0.0])
2025-11-21 12:43:15.149 - Connect with 'ybt-pre' (oracle_thin-19aa45d00f1-71a6f6f4a65f1ac0)
2025-11-21 12:43:15.151 - Execution context opened (ybt-pre; Main; 16)
2025-11-21 12:43:15.328 - Execution context opened (ybt-pre; Metadata; 17)
2025-11-21 12:43:15.582 - Connected (oracle_thin-19aa45d00f1-71a6f6f4a65f1ac0, Oracle JDBC driver [23.2.0.0.0])
> Start Data Transfer UI [org.jkiss.dbeaver.data.transfer.ui 1.0.151.202511161745]
2025-11-21 12:43:31.649 - Service 'org.jkiss.dbeaver.ui.UIServiceConnectionEditor' not found
2025-11-21 12:43:31.717 - Service 'org.jkiss.dbeaver.runtime.ui.UIServiceSecurity' not found
2025-11-21 12:43:52.577 - Service 'org.jkiss.dbeaver.runtime.ui.UIServiceSecurity' not found
> Start DBeaver SSH tunnels UI [org.jkiss.dbeaver.net.ssh.ui 1.0.188.202511161745]
> Start DBeaver SSH Tunnels [org.jkiss.dbeaver.net.ssh 1.0.188.202511161745]
> Start DBeaver SSH implementation (SSHJ) [org.jkiss.dbeaver.net.ssh.sshj 1.0.188.202511161745]
> Start org.jkiss.bundle.sshj [org.jkiss.bundle.sshj 0.34.2]
2025-11-21 12:44:56.140 - SSHSessionController: Creating new session to w*****c@1*****1:22
2025-11-21 12:44:56.141 - SSHSessionController: Connecting session to w*****c@1*****1:22
> Start JSch 核心 [org.eclipse.jsch.core 1.5.700.v20250723-0831]
2025-11-21 12:44:56.374 - net.schmizz.sshj.transport.TransportImpl: Client identity string: SSH-2.0-SSHJ_0.40.0
2025-11-21 12:44:56.416 - net.schmizz.sshj.transport.TransportImpl: Server identity string: SSH-2.0-OpenSSH_5.3
2025-11-21 12:45:32.930 - Timeout expired: 30000 MILLISECONDS
java.util.concurrent.TimeoutException: Timeout expired: 30000 MILLISECONDS
	at net.schmizz.concurrent.Promise.retrieve(Promise.java:140)
	at net.schmizz.concurrent.Event.await(Event.java:105)
	at net.schmizz.sshj.transport.KeyExchanger.waitForDone(KeyExchanger.java:172)
	at net.schmizz.sshj.transport.KeyExchanger.startKex(KeyExchanger.java:160)
	at net.schmizz.sshj.transport.TransportImpl.doKex(TransportImpl.java:255)
	at net.schmizz.sshj.SSHClient.doKex(SSHClient.java:825)
	at net.schmizz.sshj.SSHClient.onConnect(SSHClient.java:808)
	at net.schmizz.sshj.SocketClient.connect(SocketClient.java:71)
	at org.jkiss.dbeaver.model.net.ssh.SSHJSessionController.createNewSession(SSHJSessionController.java:79)
	at org.jkiss.dbeaver.model.net.ssh.SSHJSession.connect(SSHJSession.java:61)
	at org.jkiss.dbeaver.model.net.ssh.AbstractSessionController$DelegateSession.connect(AbstractSessionController.java:516)
	at org.jkiss.dbeaver.model.net.ssh.AbstractSessionController$ShareableSession.connect(AbstractSessionController.java:433)
	at org.jkiss.dbeaver.model.net.ssh.AbstractSessionController$WrapperSession.connect(AbstractSessionController.java:355)
	at org.jkiss.dbeaver.model.net.ssh.AbstractSessionController$DirectSession.connect(AbstractSessionController.java:320)
	at org.jkiss.dbeaver.model.net.ssh.AbstractSessionController.acquireSession(AbstractSessionController.java:64)
	at org.jkiss.dbeaver.model.net.ssh.SSHTunnelImpl.initTunnel(SSHTunnelImpl.java:199)
	at org.jkiss.dbeaver.model.net.ssh.SSHTunnelImpl.initializeHandler(SSHTunnelImpl.java:96)
	at org.jkiss.dbeaver.ui.net.ssh.SSHTunnelDefaultConfiguratorUI$6.execute(SSHTunnelDefaultConfiguratorUI.java:457)
	at org.jkiss.dbeaver.runtime.AbstractTrackingJob.run(AbstractTrackingJob.java:48)
	at org.jkiss.dbeaver.model.runtime.AbstractJob.run(AbstractJob.java:119)
	at org.eclipse.core.internal.jobs.Worker.run(Worker.java:63)
2025-11-21 12:45:36.984 - SSHSessionController: Creating new session to w*****c@1*****1:22
2025-11-21 12:45:36.984 - SSHSessionController: Connecting session to w*****c@1*****1:22
2025-11-21 12:45:36.994 - net.schmizz.sshj.transport.TransportImpl: Client identity string: SSH-2.0-SSHJ_0.40.0
2025-11-21 12:45:37.031 - net.schmizz.sshj.transport.TransportImpl: Server identity string: SSH-2.0-OpenSSH_5.3
2025-11-21 12:45:44.890 - SSHSessionController: Set up port forwarding *****:18186 <- l*****t:22
2025-11-21 12:45:44.894 - net.schmizz.sshj.connection.channel.direct.LocalPortForwarder: Listening on localhost/127.0.0.1:18186
2025-11-21 12:45:44.895 - SSHSessionController: Remove port forwarding *****:18186 <- l*****t:22
2025-11-21 12:45:44.895 - net.schmizz.sshj.connection.channel.direct.LocalPortForwarder: Closing listener on localhost/127.0.0.1:18186
2025-11-21 12:45:44.895 - SSHSessionController: Releasing session for dat101 [Oracle]
2025-11-21 12:45:44.896 - SSHSessionController: Disconnecting session to w*****c@1*****1:22
2025-11-21 12:45:44.896 - net.schmizz.sshj.transport.TransportImpl: Disconnected - BY_APPLICATION
> Start DBeaver Data Transfer [org.jkiss.dbeaver.data.transfer 2.0.151.202511161745]
Warning: NLS unused message: data_transfer_db_consumer_button_configure_description in: org.jkiss.dbeaver.tools.transfer.internal.DTMessages
Warning: NLS unused message: data_transfer_db_consumer_button_configure in: org.jkiss.dbeaver.tools.transfer.internal.DTMessages
2025-11-21 12:46:28.020 - Service 'org.jkiss.dbeaver.runtime.IEnvironmentPathMapper' not found
2025-11-21 12:46:56.414 - net.schmizz.sshj.transport.TransportImpl: Dying because - Broken transport; encountered EOF
2025-11-21 12:46:56.414 - net.schmizz.sshj.transport.TransportImpl: Disconnected - UNKNOWN
> Start 快速搜索 [org.eclipse.text.quicksearch 1.3.200.v20250811-1350]
> Start 搜索支持 [org.eclipse.search 3.17.300.v20250714-0728]
> Start Search Support Core [org.eclipse.search.core 3.16.500.v20250611-1642]
> Start DBeaver Tasks View [org.jkiss.dbeaver.tasks.ui.view 1.0.116.202511161745]
> Start DBeaver Dashboards Model [org.jkiss.dbeaver.model.dashboard 1.0.40.202511161745]
2025-11-21 12:50:48.027 - Execution context closed (dat101, 3)
Warning: NLS unused message: 后面的构建会重新创建它们。 in: org.eclipse.ui.views.markers.internal.messages
2025-11-21 12:51:51.211 - Execution context opened (dat101; SQLEditor <REQ-5184-交行预录入开发需求.sql>; 18)
2025-11-21 12:51:55.596 - Execution context closed (dat101, 18)
