2025-11-21 11:16:32.464 - DBeaver 25.2.5.202511161745 is starting
2025-11-21 11:16:32.464 - OS: Windows 11 10.0 (amd64)
2025-11-21 11:16:32.464 - Java version: 21.0.8 by Eclipse Adoptium (64bit)
2025-11-21 11:16:32.464 - Install path: 'C:\Users\19166\AppData\Local\DBeaver'
2025-11-21 11:16:32.465 - Instance path: 'file:/C:/Users/19166/AppData/Roaming/DBeaverData/datagrip/sql/'
2025-11-21 11:16:32.466 - Memory available 64Mb/1024Mb
2025-11-21 11:16:32.482 - Create display
2025-11-21 11:16:32.730 - Initialize desktop platform...
2025-11-21 11:16:32.908 - BounceCastle bundle found. Use JCE provider BC
> Start Core File Systems [org.eclipse.core.filesystem 1.11.300.v20250607-0645]
> Start Core Resource Management [org.eclipse.core.resources 3.23.0.v20250729-1759]
Warning: NLS unused message: Team_Conflict_occured_for_ignored_resources_pattern in: org.eclipse.team.internal.core.messages
> Start 小组支持核心 [org.eclipse.team.core 3.10.800.v20250610-0708]
> Start DBeaver UI Navigator [org.jkiss.dbeaver.ui.navigator 1.0.167.202511161745]
2025-11-21 11:16:33.145 - Initialize base platform...
2025-11-21 11:16:33.162 - Platform initialized (432ms)
2025-11-21 11:16:33.362 - Starting instance server at http://localhost:13496
2025-11-21 11:16:33.371 - Run workbench
> Start Eclipse IDE UI [org.eclipse.ui.ide 3.22.700.v20250727-0505]
> Start Eclipse e4 工作台 SWT [org.eclipse.e4.ui.workbench.swt 0.17.900.v20250612-1000]
> Start Eclipse Application Services [org.eclipse.e4.core.services 2.5.200.v20250326-1945]
> Start Eclipse UI Application Services [org.eclipse.e4.ui.services 1.6.500.v20250123-0754]
> Start Eclipse e4 Progress View [org.eclipse.e4.ui.progress 0.4.800.v20250422-1254]
> Start Eclipse Bindings Support [org.eclipse.e4.ui.bindings 0.14.700.v20250612-1000]
> Start Eclipse e4 core commands [org.eclipse.e4.core.commands 1.1.600.v20250307-1331]
> Start EMF XML/XMI Persistence [org.eclipse.emf.ecore.xmi 2.39.0.v20250414-1351]
> Start Eclipse CSS SWT Theme Support [org.eclipse.e4.ui.css.swt.theme 0.14.500.v20250213-1508]
> Start Eclipse e4 工作台加载项 [org.eclipse.e4.ui.workbench.addons.swt 1.5.800.v20250701-0653]
Warning: NLS unused message: WorkbenchPreference_reuseEditorsThreshold in: org.eclipse.ui.internal.messages
Warning: NLS unused message: Workbench_missingPropertyMessage in: org.eclipse.ui.internal.messages
> Start Eclipse e4 工作台 SWT 呈现器 [org.eclipse.e4.ui.workbench.renderers.swt 0.16.900.v20250828-1028]
> Start Eclipse Dependency Injection Extensions [org.eclipse.e4.core.di.extensions 0.18.300.v20240413-1529]
> Start DBeaver AI Model [org.jkiss.dbeaver.model.ai 2.0.10.202511161745]
> Start DBeaver AI UI [org.jkiss.dbeaver.ui.ai 1.0.69.202511161745]
> Start Eclipse CSS SWT Support [org.eclipse.e4.ui.css.swt 0.15.600.v20250409-1135]
Warning: NLS unused message: UriHandlerPreferencePage_Warning_OtherApp in: org.eclipse.ui.internal.ide.messages
2025-11-21 11:16:35.488 - Configure workbench window
> Start DBeaver SQL Model [org.jkiss.dbeaver.model.sql 1.0.157.202511161745]
2025-11-21 11:16:35.705 - Total database drivers: 127 (127)
> Start 帮助系统核心 [org.eclipse.help 3.10.600.v20250613-0437]
2025-11-21 11:16:35.788 - Create actions
2025-11-21 11:16:36.683 - Initialize workbench window
2025-11-21 11:16:36.703 - Finish initialization
> Start 缺省文本编辑器 [org.eclipse.ui.editors 3.20.100.v20250814-1056]
> Start 文本编辑器框架 [org.eclipse.ui.workbench.texteditor 3.19.300.v20250815-0722]
> Start DBeaver UI Editors - Data [org.jkiss.dbeaver.ui.editors.data 1.0.167.202511161745]
> Start Equinox Java Authentication and Authorization Service (JAAS) [org.eclipse.equinox.security 1.4.700.v20250622-1644]
> Start 因特网连接管理 UI [org.eclipse.ui.net 1.5.500.v20250611-0855]
> Start Internet Connection Management [org.eclipse.core.net 1.5.800.v20250613-1119]
> Start DBeaver UI Editors - SQL [org.jkiss.dbeaver.ui.editors.sql 1.0.167.202511161745]
> Start DBeaver Sample Database [org.jkiss.dbeaver.ui.config.sample 1.0.204.202511161745]
> Start DBeaver Dashboard UI [org.jkiss.dbeaver.ui.dashboard 1.0.164.202511161745]
> Start GEF Classic Draw2d [org.eclipse.draw2d 3.20.100.202508011427]
> Start GEF Classic GEF (MVC) [org.eclipse.gef 3.23.0.202507261623]
> Start DBeaver ERD UI [org.jkiss.dbeaver.ui.editors.erd 3.1.8.202511161745]
> Start DBeaver ERD Model [org.jkiss.dbeaver.model.erd 1.1.8.202511161745]
Warning: NLS unused message: FindReplace_RegExCheckbox_label in: org.eclipse.ui.texteditor.EditorMessages
Warning: NLS unused message: FindReplace_Status_wrapped_label in: org.eclipse.ui.texteditor.EditorMessages
Warning: NLS unused message: FindReplace_WrapCheckBox_label in: org.eclipse.ui.texteditor.EditorMessages
Warning: NLS unused message: FindReplace_IncrementalCheckBox_label in: org.eclipse.ui.texteditor.EditorMessages
Warning: NLS unused message: FindReplace_Options in: org.eclipse.ui.texteditor.EditorMessages
Warning: NLS unused message: FindReplace_ReplaceSelectionButton_label in: org.eclipse.ui.texteditor.EditorMessages
Warning: NLS unused message: FindReplace_SelectedRangeRadioButton_label in: org.eclipse.ui.texteditor.EditorMessages
Warning: NLS unused message: FindReplace_Status_noMatchWithValue_label in: org.eclipse.ui.texteditor.EditorMessages
Warning: NLS unused message: FindReplace_SelectAllButton_label in: org.eclipse.ui.texteditor.EditorMessages
Warning: NLS unused message: FindReplace_Status_noMatch_label in: org.eclipse.ui.texteditor.EditorMessages
Warning: NLS unused message: FindReplace_GlobalRadioButton_label in: org.eclipse.ui.texteditor.EditorMessages
Warning: NLS unused message: FindReplace_WholeWordCheckBox_label in: org.eclipse.ui.texteditor.EditorMessages
Warning: NLS unused message: FindReplace_ReplaceFindButton_label in: org.eclipse.ui.texteditor.EditorMessages
Warning: NLS unused message: FindReplace_BackwardRadioButton_label in: org.eclipse.ui.texteditor.EditorMessages
Warning: NLS unused message: FindReplace_CloseButton_label in: org.eclipse.ui.texteditor.EditorMessages
Warning: NLS unused message: FindReplace_Replace_label in: org.eclipse.ui.texteditor.EditorMessages
Warning: NLS unused message: FindReplace_Status_selection_label in: org.eclipse.ui.texteditor.EditorMessages
Warning: NLS unused message: FindReplace_CaseCheckBox_label in: org.eclipse.ui.texteditor.EditorMessages
Warning: NLS unused message: FindReplace_Status_replacement_label in: org.eclipse.ui.texteditor.EditorMessages
Warning: NLS unused message: FindReplace_Status_selections_label in: org.eclipse.ui.texteditor.EditorMessages
Warning: NLS unused message: FindReplace_Status_replacements_label in: org.eclipse.ui.texteditor.EditorMessages
Warning: NLS unused message: FindReplace_title in: org.eclipse.ui.texteditor.EditorMessages
Warning: NLS unused message: FindReplace_Direction in: org.eclipse.ui.texteditor.EditorMessages
Warning: NLS unused message: FindReplace_ReplaceAllButton_label in: org.eclipse.ui.texteditor.EditorMessages
Warning: NLS unused message: FindReplace_Scope in: org.eclipse.ui.texteditor.EditorMessages
Warning: NLS unused message: FindReplace_Find_label in: org.eclipse.ui.texteditor.EditorMessages
Warning: NLS unused message: FindReplace_ForwardRadioButton_label in: org.eclipse.ui.texteditor.EditorMessages
Warning: NLS unused message: FindReplace_FindNextButton_label in: org.eclipse.ui.texteditor.EditorMessages
> Start DBeaver SQL Terminal [org.jkiss.dbeaver.ui.editors.sql.terminal 1.0.143.202511161745]
> Start 核心比较支持 [org.eclipse.compare.core 3.8.800.v20250718-1505]
> Start 控制台 [org.eclipse.ui.console 3.14.400.v20250607-0653]
> Start 调试核心 [org.eclipse.debug.core 3.23.100.v20250811-0711]
> Start DBeaver SQL Language Semantic Model [org.jkiss.dbeaver.model.lsm 1.0.62.202511161745]
> Start DBeaver JDBC Model [org.jkiss.dbeaver.model.jdbc 1.0.60.202511161745]
> Start DBeaver Oracle Model [org.jkiss.dbeaver.ext.oracle 2.1.252.202511161745]
> Start DBeaver Tasks - Native Tools UI [org.jkiss.dbeaver.tasks.native.ui 1.0.145.202511161745]
> Start DBeaver Oracle UI [org.jkiss.dbeaver.ext.oracle.ui 1.0.154.202511161745]
> Start DBeaver Tasks - General UI [org.jkiss.dbeaver.tasks.ui 1.0.145.202511161745]
2025-11-21 11:28:13.051 - Connect with 'dat101' (oracle_thin-19aa454ba31-620ec0e28a1e4673)
2025-11-21 11:28:13.080 - Execution context opened (dat101; Main; 0)
2025-11-21 11:28:13.923 - Execution context opened (dat101; Metadata; 1)
2025-11-21 11:28:14.203 - Execution context opened (dat101; SQLEditor <Script.sql>; 2)
2025-11-21 11:28:14.305 - Connected (oracle_thin-19aa454ba31-620ec0e28a1e4673, Oracle JDBC driver [23.2.0.0.0])
2025-11-21 11:29:59.407 - Can't get column 'CREATED': ORA-17006: Invalid column name
2025-11-21 11:29:59.408 - Can't get column 'LAST_DDL_TIME': ORA-17006: Invalid column name
2025-11-21 11:32:48.681 - org.eclipse.jface.text.BadLocationException
org.eclipse.jface.text.BadLocationException
	at org.eclipse.jface.text.AbstractDocument.getContentType(AbstractDocument.java:1324)
	at org.eclipse.jface.text.TextUtilities.getContentType(TextUtilities.java:384)
	at org.jkiss.dbeaver.ui.editors.sql.syntax.SQLCompletionProcessor.computeCompletionProposals(SQLCompletionProcessor.java:117)
	at org.eclipse.jface.text.contentassist.ContentAssistant$2.lambda$0(ContentAssistant.java:2064)
	at java.base/java.lang.Iterable.forEach(Iterable.java:75)
	at org.eclipse.jface.text.contentassist.ContentAssistant$2.run(ContentAssistant.java:2063)
	at org.eclipse.core.runtime.SafeRunner.run(SafeRunner.java:47)
	at org.eclipse.jface.text.contentassist.ContentAssistant.computeCompletionProposals(ContentAssistant.java:2060)
	at org.eclipse.jface.text.contentassist.CompletionProposalPopup.computeProposals(CompletionProposalPopup.java:577)
	at org.eclipse.jface.text.contentassist.CompletionProposalPopup.computeFilteredProposals(CompletionProposalPopup.java:1543)
	at org.eclipse.jface.text.contentassist.CompletionProposalPopup$1.run(CompletionProposalPopup.java:367)
	at org.eclipse.swt.widgets.RunnableLock.run(RunnableLock.java:40)
	at org.eclipse.swt.widgets.Synchronizer.runAsyncMessages(Synchronizer.java:132)
	at org.eclipse.swt.widgets.Display.runAsyncMessages(Display.java:4135)
	at org.eclipse.swt.widgets.Display.readAndDispatch(Display.java:3751)
	at org.eclipse.e4.ui.internal.workbench.swt.PartRenderingEngine$5.run(PartRenderingEngine.java:1151)
	at org.eclipse.core.databinding.observable.Realm.runWithDefault(Realm.java:339)
	at org.eclipse.e4.ui.internal.workbench.swt.PartRenderingEngine.run(PartRenderingEngine.java:1042)
	at org.eclipse.e4.ui.internal.workbench.E4Workbench.createAndRunUI(E4Workbench.java:153)
	at org.eclipse.ui.internal.Workbench.lambda$3(Workbench.java:678)
	at org.eclipse.core.databinding.observable.Realm.runWithDefault(Realm.java:339)
	at org.eclipse.ui.internal.Workbench.createAndRunWorkbench(Workbench.java:583)
	at org.eclipse.ui.PlatformUI.createAndRunWorkbench(PlatformUI.java:173)
	at org.jkiss.dbeaver.ui.app.standalone.DBeaverApplication.start(DBeaverApplication.java:311)
	at org.eclipse.equinox.internal.app.EclipseAppHandle.run(EclipseAppHandle.java:219)
	at org.eclipse.core.runtime.internal.adaptor.EclipseAppLauncher.runApplication(EclipseAppLauncher.java:149)
	at org.eclipse.core.runtime.internal.adaptor.EclipseAppLauncher.start(EclipseAppLauncher.java:115)
	at org.eclipse.core.runtime.adaptor.EclipseStarter.run(EclipseStarter.java:467)
	at org.eclipse.core.runtime.adaptor.EclipseStarter.run(EclipseStarter.java:298)
	at java.base/jdk.internal.reflect.DirectMethodHandleAccessor.invoke(DirectMethodHandleAccessor.java:103)
	at java.base/java.lang.reflect.Method.invoke(Method.java:580)
	at org.jkiss.dbeaver.launcher.DBeaverLauncher.invokeFramework(DBeaverLauncher.java:913)
	at org.jkiss.dbeaver.launcher.DBeaverLauncher.basicRun(DBeaverLauncher.java:659)
	at org.jkiss.dbeaver.launcher.DBeaverLauncher.run(DBeaverLauncher.java:1682)
> Start DBeaver Data Transfer [org.jkiss.dbeaver.data.transfer 2.0.151.202511161745]
> Start DBeaver GIS Support [org.jkiss.dbeaver.data.gis 1.0.191.202511161745]
2025-11-21 11:44:19.945 - org.eclipse.jface.text.BadLocationException
org.eclipse.jface.text.BadLocationException
	at org.eclipse.jface.text.AbstractDocument.getContentType(AbstractDocument.java:1324)
	at org.eclipse.jface.text.TextUtilities.getContentType(TextUtilities.java:384)
	at org.jkiss.dbeaver.ui.editors.sql.syntax.SQLCompletionProcessor.computeCompletionProposals(SQLCompletionProcessor.java:117)
	at org.eclipse.jface.text.contentassist.ContentAssistant$2.lambda$0(ContentAssistant.java:2064)
	at java.base/java.lang.Iterable.forEach(Iterable.java:75)
	at org.eclipse.jface.text.contentassist.ContentAssistant$2.run(ContentAssistant.java:2063)
	at org.eclipse.core.runtime.SafeRunner.run(SafeRunner.java:47)
	at org.eclipse.jface.text.contentassist.ContentAssistant.computeCompletionProposals(ContentAssistant.java:2060)
	at org.eclipse.jface.text.contentassist.CompletionProposalPopup.computeProposals(CompletionProposalPopup.java:577)
	at org.eclipse.jface.text.contentassist.CompletionProposalPopup.lambda$0(CompletionProposalPopup.java:507)
	at org.eclipse.swt.custom.BusyIndicator.showWhile(BusyIndicator.java:67)
	at org.eclipse.jface.text.contentassist.CompletionProposalPopup.showProposals(CompletionProposalPopup.java:502)
	at org.eclipse.jface.text.contentassist.ContentAssistant.showPossibleCompletions(ContentAssistant.java:1874)
	at org.eclipse.jface.text.source.SourceViewer.doOperation(SourceViewer.java:999)
	at org.eclipse.jface.text.source.projection.ProjectionViewer.doOperation(ProjectionViewer.java:1468)
	at org.jkiss.dbeaver.ui.editors.sql.handlers.SQLEditorHandlerAssistTemplates.execute(SQLEditorHandlerAssistTemplates.java:43)
	at org.eclipse.ui.internal.handlers.HandlerProxy.execute(HandlerProxy.java:277)
	at org.eclipse.ui.internal.handlers.E4HandlerProxy.execute(E4HandlerProxy.java:98)
	at java.base/jdk.internal.reflect.DirectMethodHandleAccessor.invoke(DirectMethodHandleAccessor.java:103)
	at java.base/java.lang.reflect.Method.invoke(Method.java:580)
	at org.eclipse.e4.core.internal.di.MethodRequestor.execute(MethodRequestor.java:58)
	at org.eclipse.e4.core.internal.di.InjectorImpl.invokeUsingClass(InjectorImpl.java:305)
	at org.eclipse.e4.core.internal.di.InjectorImpl.invoke(InjectorImpl.java:237)
	at org.eclipse.e4.core.contexts.ContextInjectionFactory.invoke(ContextInjectionFactory.java:174)
	at org.eclipse.e4.core.commands.internal.HandlerServiceHandler.execute(HandlerServiceHandler.java:165)
	at org.eclipse.core.commands.Command.executeWithChecks(Command.java:488)
	at org.eclipse.core.commands.ParameterizedCommand.executeWithChecks(ParameterizedCommand.java:485)
	at org.eclipse.e4.core.commands.internal.HandlerServiceImpl.executeHandler(HandlerServiceImpl.java:204)
	at org.eclipse.e4.ui.bindings.keys.KeyBindingDispatcher.executeCommand(KeyBindingDispatcher.java:320)
	at org.eclipse.e4.ui.bindings.keys.KeyBindingDispatcher.press(KeyBindingDispatcher.java:581)
	at org.eclipse.e4.ui.bindings.keys.KeyBindingDispatcher.processKeyEvent(KeyBindingDispatcher.java:662)
	at org.eclipse.e4.ui.bindings.keys.KeyBindingDispatcher.filterKeySequenceBindings(KeyBindingDispatcher.java:451)
	at org.eclipse.e4.ui.bindings.keys.KeyBindingDispatcher$KeyDownFilter.handleEvent(KeyBindingDispatcher.java:104)
	at org.eclipse.swt.widgets.EventTable.sendEvent(EventTable.java:91)
	at org.eclipse.swt.widgets.Display.filterEvent(Display.java:1340)
	at org.eclipse.swt.widgets.Widget.sendEvent(Widget.java:1213)
	at org.eclipse.swt.widgets.Widget.sendEvent(Widget.java:1238)
	at org.eclipse.swt.widgets.Widget.sendEvent(Widget.java:1223)
	at org.eclipse.swt.widgets.Widget.sendKeyEvent(Widget.java:1265)
	at org.eclipse.swt.widgets.Widget.sendKeyEvent(Widget.java:1261)
	at org.eclipse.swt.widgets.Widget.wmChar(Widget.java:1748)
	at org.eclipse.swt.widgets.Control.WM_CHAR(Control.java:4908)
	at org.eclipse.swt.widgets.Canvas.WM_CHAR(Canvas.java:341)
	at org.eclipse.swt.widgets.Control.windowProc(Control.java:4785)
	at org.eclipse.swt.widgets.Canvas.windowProc(Canvas.java:336)
	at org.eclipse.swt.widgets.Display.windowProc(Display.java:5130)
	at org.eclipse.swt.internal.win32.OS.DispatchMessage(Native Method)
	at org.eclipse.swt.widgets.Display.readAndDispatch(Display.java:3746)
	at org.eclipse.e4.ui.internal.workbench.swt.PartRenderingEngine$5.run(PartRenderingEngine.java:1151)
	at org.eclipse.core.databinding.observable.Realm.runWithDefault(Realm.java:339)
	at org.eclipse.e4.ui.internal.workbench.swt.PartRenderingEngine.run(PartRenderingEngine.java:1042)
	at org.eclipse.e4.ui.internal.workbench.E4Workbench.createAndRunUI(E4Workbench.java:153)
	at org.eclipse.ui.internal.Workbench.lambda$3(Workbench.java:678)
	at org.eclipse.core.databinding.observable.Realm.runWithDefault(Realm.java:339)
	at org.eclipse.ui.internal.Workbench.createAndRunWorkbench(Workbench.java:583)
	at org.eclipse.ui.PlatformUI.createAndRunWorkbench(PlatformUI.java:173)
	at org.jkiss.dbeaver.ui.app.standalone.DBeaverApplication.start(DBeaverApplication.java:311)
	at org.eclipse.equinox.internal.app.EclipseAppHandle.run(EclipseAppHandle.java:219)
	at org.eclipse.core.runtime.internal.adaptor.EclipseAppLauncher.runApplication(EclipseAppLauncher.java:149)
	at org.eclipse.core.runtime.internal.adaptor.EclipseAppLauncher.start(EclipseAppLauncher.java:115)
	at org.eclipse.core.runtime.adaptor.EclipseStarter.run(EclipseStarter.java:467)
	at org.eclipse.core.runtime.adaptor.EclipseStarter.run(EclipseStarter.java:298)
	at java.base/jdk.internal.reflect.DirectMethodHandleAccessor.invoke(DirectMethodHandleAccessor.java:103)
	at java.base/java.lang.reflect.Method.invoke(Method.java:580)
	at org.jkiss.dbeaver.launcher.DBeaverLauncher.invokeFramework(DBeaverLauncher.java:913)
	at org.jkiss.dbeaver.launcher.DBeaverLauncher.basicRun(DBeaverLauncher.java:659)
	at org.jkiss.dbeaver.launcher.DBeaverLauncher.run(DBeaverLauncher.java:1682)
2025-11-21 11:45:14.244 - SQL Workbench/J path not set
2025-11-21 11:45:34.667 - SQL Workbench/J path not set
2025-11-21 11:47:22.912 - SQL Workbench/J path not set
2025-11-21 11:55:54.759 - Execution context closed (dat101, 2)
2025-11-21 11:55:55.141 - Dispose navigator model
2025-11-21 11:55:55.184 - DBeaver is stopping
2025-11-21 11:55:55.191 - Stop instance server
2025-11-21 11:55:56.198 - Instance server has been stopped
2025-11-21 11:55:56.198 - DBeaver shutdown completed
